\BOOKMARK [0][-]{chapter*.1}{Contents}{}
\BOOKMARK [0][-]{chapter.1}{Introduction}{}
\BOOKMARK [1][-]{section.1.1}{PVS Proof Display and Construction}{chapter.1}
\BOOKMARK [1][-]{section.1.2}{Interaction Basics}{chapter.1}
\BOOKMARK [0][-]{chapter.2}{An Example Proof}{}
\BOOKMARK [1][-]{section.2.1}{The Example Proof Redone}{chapter.2}
\BOOKMARK [0][-]{chapter.3}{The Logic of PVS}{}
\BOOKMARK [1][-]{section.3.1}{Notation}{chapter.3}
\BOOKMARK [1][-]{section.3.2}{The Structural Rules}{chapter.3}
\BOOKMARK [1][-]{section.3.3}{The Propositional Rules}{chapter.3}
\BOOKMARK [1][-]{section.3.4}{The Equality Rules}{chapter.3}
\BOOKMARK [1][-]{section.3.5}{The Quantifier Rules}{chapter.3}
\BOOKMARK [1][-]{section.3.6}{Rules for IF}{chapter.3}
\BOOKMARK [0][-]{chapter.4}{The PVS Proof Commands}{}
\BOOKMARK [1][-]{section.4.1}{Formal and Actual Parameters of Rules}{chapter.4}
\BOOKMARK [2][-]{subsection.4.1.1}{Rules versus Strategies}{section.4.1}
\BOOKMARK [2][-]{subsection.4.1.2}{Proof Checker Pragmatics}{section.4.1}
\BOOKMARK [1][-]{section.4.2}{The Help Rule}{chapter.4}
\BOOKMARK [2][-]{subsection.4.2.1}{help: Get help for proof commands}{section.4.2}
\BOOKMARK [1][-]{section.4.3}{The Annotation Rules}{chapter.4}
\BOOKMARK [2][-]{subsection.4.3.1}{comment: Attach Comments to a Proof Sequent}{section.4.3}
\BOOKMARK [2][-]{subsection.4.3.2}{label: Attaches a Label to Sequent Formulas}{section.4.3}
\BOOKMARK [2][-]{subsection.4.3.3}{unlabel: Removes Labels from Sequent Formulas}{section.4.3}
\BOOKMARK [2][-]{subsection.4.3.4}{with-labels: Labels New Sequent Formulas}{section.4.3}
\BOOKMARK [1][-]{section.4.4}{The Control Rules}{chapter.4}
\BOOKMARK [2][-]{subsection.4.4.1}{fail: Propagate Failure to the Parent}{section.4.4}
\BOOKMARK [2][-]{subsection.4.4.2}{postpone: Go to Next Remaining Goal}{section.4.4}
\BOOKMARK [2][-]{subsection.4.4.3}{quit: Terminate the Proof Attempt}{section.4.4}
\BOOKMARK [2][-]{subsection.4.4.4}{rewrite-msg-off: Inhibit Rewriting Commentary}{section.4.4}
\BOOKMARK [2][-]{subsection.4.4.5}{rewrite-msg-on: Turn on Rewriting Commentary}{section.4.4}
\BOOKMARK [2][-]{subsection.4.4.6}{set-print-depth: Set the Print Depth}{section.4.4}
\BOOKMARK [2][-]{subsection.4.4.7}{set-print-length: Set the Print Length}{section.4.4}
\BOOKMARK [2][-]{subsection.4.4.8}{set-print-lines: Set the Number of Print Lines}{section.4.4}
\BOOKMARK [2][-]{subsection.4.4.9}{skip: A Do Nothing Rule}{section.4.4}
\BOOKMARK [2][-]{subsection.4.4.10}{skip-msg: A Do Nothing, Print Something Rule}{section.4.4}
\BOOKMARK [2][-]{subsection.4.4.11}{trace: Trace Given Commands}{section.4.4}
\BOOKMARK [2][-]{subsection.4.4.12}{track-rewrite: Explains Failure to Apply Rewrite Rule }{section.4.4}
\BOOKMARK [2][-]{subsection.4.4.13}{undo: Undo Proof to an Ancestor}{section.4.4}
\BOOKMARK [2][-]{subsection.4.4.14}{untrace: Disables Tracing of Given Commands}{section.4.4}
\BOOKMARK [2][-]{subsection.4.4.15}{untrack-rewrite: Disables Tracking of Rewrite Rules}{section.4.4}
\BOOKMARK [1][-]{section.4.5}{The Structural Rules}{chapter.4}
\BOOKMARK [2][-]{subsection.4.5.1}{copy/36: Copy Selected Formula}{section.4.5}
\BOOKMARK [2][-]{subsection.4.5.2}{delete: Delete Selected Formulas}{section.4.5}
\BOOKMARK [2][-]{subsection.4.5.3}{hide: Hide Selected Formulas}{section.4.5}
\BOOKMARK [2][-]{subsection.4.5.4}{hide-all-but/36: Hide Selected Formulas}{section.4.5}
\BOOKMARK [2][-]{subsection.4.5.5}{reveal: Reveal Some Hidden Formulas}{section.4.5}
\BOOKMARK [1][-]{section.4.6}{The Propositional Rules}{chapter.4}
\BOOKMARK [2][-]{subsection.4.6.1}{bddsimp: Propositional Simplification}{section.4.6}
\BOOKMARK [2][-]{subsection.4.6.2}{case: Case Analysis on Formulas}{section.4.6}
\BOOKMARK [2][-]{subsection.4.6.3}{case*/36: Full Case Analysis on Formulas}{section.4.6}
\BOOKMARK [2][-]{subsection.4.6.4}{flatten: Disjunctive Simplification}{section.4.6}
\BOOKMARK [2][-]{subsection.4.6.5}{flatten-disjunct: Controlled Disjunctive Simplification}{section.4.6}
\BOOKMARK [2][-]{subsection.4.6.6}{iff: Converting Boolean Equality to Equivalence}{section.4.6}
\BOOKMARK [2][-]{subsection.4.6.7}{lift-if: Lifting Embedded IF Connectives}{section.4.6}
\BOOKMARK [2][-]{subsection.4.6.8}{prop/36: Propositional Simplification}{section.4.6}
\BOOKMARK [2][-]{subsection.4.6.9}{propax: Propositional Axioms}{section.4.6}
\BOOKMARK [2][-]{subsection.4.6.10}{split: Conjunctive Splitting}{section.4.6}
\BOOKMARK [2][-]{subsection.4.6.11}{merge-fnums/36: Combine Sequent Formulas}{section.4.6}
\BOOKMARK [1][-]{section.4.7}{The Quantifier Rules}{chapter.4}
\BOOKMARK [2][-]{subsection.4.7.1}{detuple-boundvars/36: Distributes Tuple and Record Quantification}{section.4.7}
\BOOKMARK [2][-]{subsection.4.7.2}{generalize/36: Generalizes Term by Universal Quantification}{section.4.7}
\BOOKMARK [2][-]{subsection.4.7.3}{generalize-skolem-constants/36: Generalizes Skolem Constants}{section.4.7}
\BOOKMARK [2][-]{subsection.4.7.4}{inst/36: Instantiation of Existential Strength Quantifiers Without Copying}{section.4.7}
\BOOKMARK [2][-]{subsection.4.7.5}{inst-cp/36: Instantiation of Existential Strength Quantifiers With Copying}{section.4.7}
\BOOKMARK [2][-]{subsection.4.7.6}{inst?/36: Instantiation of Existential Strength Quantifiers}{section.4.7}
\BOOKMARK [2][-]{subsection.4.7.7}{instantiate: Instantiating Existential Quantifiers}{section.4.7}
\BOOKMARK [2][-]{subsection.4.7.8}{instantiate-one: Instantiating Existential Quantifiers}{section.4.7}
\BOOKMARK [2][-]{subsection.4.7.9}{quant?/36: Instantiation of Existential Strength Quantifiers}{section.4.7}
\BOOKMARK [2][-]{subsection.4.7.10}{skolem: Replacing Universal Quantification with Constants}{section.4.7}
\BOOKMARK [2][-]{subsection.4.7.11}{skolem!: Automatic Introduction of Skolem Constants}{section.4.7}
\BOOKMARK [2][-]{subsection.4.7.12}{skolem-typepred/36: Skolemize with Type Constraints }{section.4.7}
\BOOKMARK [2][-]{subsection.4.7.13}{skosimp/36: Skolemize then Flatten}{section.4.7}
\BOOKMARK [2][-]{subsection.4.7.14}{skosimp*/36: Repeatedly Skolemize then Flatten}{section.4.7}
\BOOKMARK [1][-]{section.4.8}{The Equality Rules}{chapter.4}
\BOOKMARK [2][-]{subsection.4.8.1}{beta: Beta Reduction}{section.4.8}
\BOOKMARK [2][-]{subsection.4.8.2}{case-replace/36: Introducing and Applying Equality}{section.4.8}
\BOOKMARK [2][-]{subsection.4.8.3}{name: Introducing Names for Terms}{section.4.8}
\BOOKMARK [2][-]{subsection.4.8.4}{name-replace/36: Replacing a Term by a Name}{section.4.8}
\BOOKMARK [2][-]{subsection.4.8.5}{name-replace*/36: Replacing Terms by Names}{section.4.8}
\BOOKMARK [2][-]{subsection.4.8.6}{replace: Rewriting Using Equalities}{section.4.8}
\BOOKMARK [2][-]{subsection.4.8.7}{replace*: Rewriting Using Equalities}{section.4.8}
\BOOKMARK [2][-]{subsection.4.8.8}{same-name: Equating Names Under Actuals}{section.4.8}
\BOOKMARK [1][-]{section.4.9}{Using Definitions and Lemmas}{chapter.4}
\BOOKMARK [2][-]{subsection.4.9.1}{expand: Expanding Definitions}{section.4.9}
\BOOKMARK [2][-]{subsection.4.9.2}{expand*/36: Expanding Several Definitions}{section.4.9}
\BOOKMARK [2][-]{subsection.4.9.3}{forward-chain/36: Forward Chaining}{section.4.9}
\BOOKMARK [2][-]{subsection.4.9.4}{lemma: Employing Instances of Lemmas}{section.4.9}
\BOOKMARK [2][-]{subsection.4.9.5}{rewrite/36: Matching and Rewriting with Lemmas}{section.4.9}
\BOOKMARK [2][-]{subsection.4.9.6}{rewrite-lemma/36: Rewriting Using a Lemma}{section.4.9}
\BOOKMARK [2][-]{subsection.4.9.7}{rewrite-with-fnum/36: Matching and Rewriting with Antecedent Formulas}{section.4.9}
\BOOKMARK [2][-]{subsection.4.9.8}{use/36: Invoke lemma with heuristic instantiation and beta-reduction}{section.4.9}
\BOOKMARK [2][-]{subsection.4.9.9}{use*/36: Invoke lemmas with heuristic instantiation and beta-reduction}{section.4.9}
\BOOKMARK [1][-]{section.4.10}{Using Extensionality}{chapter.4}
\BOOKMARK [2][-]{subsection.4.10.1}{apply-extensionality/36: Apply Extensionality to an Equality}{section.4.10}
\BOOKMARK [2][-]{subsection.4.10.2}{apply-eta/36: Apply Eta Form of Extensionality}{section.4.10}
\BOOKMARK [2][-]{subsection.4.10.3}{decompose-equality/36: Decomposes Equality to Component Equalities}{section.4.10}
\BOOKMARK [2][-]{subsection.4.10.4}{eta/36: An Axiom Scheme for Functions, Records, Tuples, and Abstract Datatypes}{section.4.10}
\BOOKMARK [2][-]{subsection.4.10.5}{extensionality: An Axiom Scheme for Functions, Records, Tuples, and Abstract Datatypes}{section.4.10}
\BOOKMARK [2][-]{subsection.4.10.6}{replace-eta/36: Replace Using Eta}{section.4.10}
\BOOKMARK [2][-]{subsection.4.10.7}{replace-extensionality/36: Replace Using Extensionality}{section.4.10}
\BOOKMARK [1][-]{section.4.11}{Applying Induction}{chapter.4}
\BOOKMARK [2][-]{subsection.4.11.1}{induct/36: Automatically Employ Induction Scheme}{section.4.11}
\BOOKMARK [2][-]{subsection.4.11.2}{induct-and-rewrite/36: Induct then Rewrite/Simplify}{section.4.11}
\BOOKMARK [2][-]{subsection.4.11.3}{induct-and-rewrite!/36: Induct then Rewrite/Simplify}{section.4.11}
\BOOKMARK [2][-]{subsection.4.11.4}{induct-and-simplify/36: Induct then Rewrite/Simplify}{section.4.11}
\BOOKMARK [2][-]{subsection.4.11.5}{measure-induct/36: Invoke Measure Induction}{section.4.11}
\BOOKMARK [2][-]{subsection.4.11.6}{measure-induct+/36: Invoke Measure Induction}{section.4.11}
\BOOKMARK [2][-]{subsection.4.11.7}{measure-induct-and-simplify/36: Measure Induction followed by Simplification and Rewriting}{section.4.11}
\BOOKMARK [2][-]{subsection.4.11.8}{name-induct-and-rewrite/36: Induction on a named scheme followed by simplification and rewriting}{section.4.11}
\BOOKMARK [2][-]{subsection.4.11.9}{rule-induct/36: Induction on an inductive relation}{section.4.11}
\BOOKMARK [2][-]{subsection.4.11.10}{rule-induct-step/36: Induction on an inductive relation}{section.4.11}
\BOOKMARK [2][-]{subsection.4.11.11}{simple-induct/36: Introduce induction scheme instance}{section.4.11}
\BOOKMARK [2][-]{subsection.4.11.12}{simple-measure-induct/36: Introduce induction scheme instance}{section.4.11}
\BOOKMARK [1][-]{section.4.12}{Simplification with Decision Procedures and Rewriting}{chapter.4}
\BOOKMARK [2][-]{subsection.4.12.1}{assert: Simplifying Using the Decision Procedures}{section.4.12}
\BOOKMARK [2][-]{subsection.4.12.2}{bash/36: Assert, bddsimp, inst?, skolem-typepred, flatten, and lift-if }{section.4.12}
\BOOKMARK [2][-]{subsection.4.12.3}{both-sides/36: Applies Operation to Both Sides of Inequality Chain}{section.4.12}
\BOOKMARK [2][-]{subsection.4.12.4}{do-rewrite/36: Applying auto-rewrites}{section.4.12}
\BOOKMARK [2][-]{subsection.4.12.5}{grind/36: Install Rewrites and Repeatedly Simplify}{section.4.12}
\BOOKMARK [2][-]{subsection.4.12.6}{ground/36: Propositional and Ground Simplification}{section.4.12}
\BOOKMARK [2][-]{subsection.4.12.7}{record/36: Recording assumptions for the decision procedures}{section.4.12}
\BOOKMARK [2][-]{subsection.4.12.8}{reduce/36: Repeated Simplification}{section.4.12}
\BOOKMARK [2][-]{subsection.4.12.9}{smash/36: Propositional, Ground Simplification with IF-lifting}{section.4.12}
\BOOKMARK [2][-]{subsection.4.12.10}{simplify: Simplifying using decision procedures}{section.4.12}
\BOOKMARK [1][-]{section.4.13}{Installing and Removing Rewrite Rules}{chapter.4}
\BOOKMARK [2][-]{subsection.4.13.1}{auto-rewrite: Installing Automatic Rewrite Rules}{section.4.13}
\BOOKMARK [2][-]{subsection.4.13.2}{auto-rewrite!/36: Installing Eager Automatic Rewrite Rules}{section.4.13}
\BOOKMARK [2][-]{subsection.4.13.3}{auto-rewrite!!: Installing Automatic Macros}{section.4.13}
\BOOKMARK [2][-]{subsection.4.13.4}{auto-rewrite-defs/36: Installing Relevant Definitions as Rewrites}{section.4.13}
\BOOKMARK [2][-]{subsection.4.13.5}{auto-rewrite-explicit/36: Installing Relevant Definitions as Rewrites}{section.4.13}
\BOOKMARK [2][-]{subsection.4.13.6}{auto-rewrite-theories/36: Automatic Rewriting Relative to Theories}{section.4.13}
\BOOKMARK [2][-]{subsection.4.13.7}{auto-rewrite-theory/36: Automatic Rewriting Relative to a Theory}{section.4.13}
\BOOKMARK [2][-]{subsection.4.13.8}{auto-rewrite-theory-with-importings/36: Automatic Rewriting Relative to a Theory and Its Importings}{section.4.13}
\BOOKMARK [2][-]{subsection.4.13.9}{install-rewrites/36: Install Rewrite Rules from Names and Theories}{section.4.13}
\BOOKMARK [2][-]{subsection.4.13.10}{stop-rewrite: Turning Off Rewrite Rules}{section.4.13}
\BOOKMARK [2][-]{subsection.4.13.11}{stop-rewrite-theory/36: Turning Off Rewrite Rules from a Theory}{section.4.13}
\BOOKMARK [1][-]{section.4.14}{Making Type Constraints Explicit}{chapter.4}
\BOOKMARK [2][-]{subsection.4.14.1}{typepred: Making Implicit Type Constraints Explicit}{section.4.14}
\BOOKMARK [2][-]{subsection.4.14.2}{typepred!: Making Implicit Type Constraints Explicit}{section.4.14}
\BOOKMARK [1][-]{section.4.15}{Abstraction and Model Checking}{chapter.4}
\BOOKMARK [2][-]{subsection.4.15.1}{abstract-and-mc/36: Boolean abstraction followed by model-checking}{section.4.15}
\BOOKMARK [2][-]{subsection.4.15.2}{abstract/36: Abstraction of PVS expressions}{section.4.15}
\BOOKMARK [2][-]{subsection.4.15.3}{abs-simp/36: Boolean abstraction}{section.4.15}
\BOOKMARK [2][-]{subsection.4.15.4}{model-check/36: CTL Model Checking}{section.4.15}
\BOOKMARK [2][-]{subsection.4.15.5}{musimp: Mu-Calculus Model Checking}{section.4.15}
\BOOKMARK [1][-]{section.4.16}{Converting Strategies to Rules}{chapter.4}
\BOOKMARK [2][-]{subsection.4.16.1}{apply: \040Making Proof Strategies Atomic}{section.4.16}
\BOOKMARK [0][-]{chapter.5}{Proof Strategies}{}
\BOOKMARK [1][-]{section.5.1}{Global Variables used in Strategies}{chapter.5}
\BOOKMARK [1][-]{section.5.2}{Data Structures}{chapter.5}
\BOOKMARK [1][-]{section.5.3}{Selecting Sequent Formulas}{chapter.5}
\BOOKMARK [1][-]{section.5.4}{Strategy Expressions}{chapter.5}
\BOOKMARK [1][-]{section.5.5}{Defining Strategies}{chapter.5}
\BOOKMARK [1][-]{section.5.6}{The Basic Strategies}{chapter.5}
\BOOKMARK [2][-]{subsection.5.6.1}{quote: The Identity Strategy }{section.5.6}
\BOOKMARK [2][-]{subsection.5.6.2}{try: Strategy for Subgoaling and Backtracking}{section.5.6}
\BOOKMARK [2][-]{subsection.5.6.3}{if: Conditional Selection of Strategies}{section.5.6}
\BOOKMARK [2][-]{subsection.5.6.4}{let: Using Lisp in Strategies}{section.5.6}
\BOOKMARK [1][-]{section.5.7}{Strategies}{chapter.5}
\BOOKMARK [2][-]{subsection.5.7.1}{branch: Assigning Strategies to Subgoals}{section.5.7}
\BOOKMARK [2][-]{subsection.5.7.2}{else: A Simple Backtracking Strategy}{section.5.7}
\BOOKMARK [2][-]{subsection.5.7.3}{query*: The Basic Interaction Strategy}{section.5.7}
\BOOKMARK [2][-]{subsection.5.7.4}{checkpoint: Checkpoint Handling}{section.5.7}
\BOOKMARK [2][-]{subsection.5.7.5}{just-install-proof: Checkpoint Handling}{section.5.7}
\BOOKMARK [2][-]{subsection.5.7.6}{repeat: Iterate Along Main Proof Branch}{section.5.7}
\BOOKMARK [2][-]{subsection.5.7.7}{repeat*: Iterate Along all Branches}{section.5.7}
\BOOKMARK [2][-]{subsection.5.7.8}{rerun: Rerun a Proof or Partial Proof}{section.5.7}
\BOOKMARK [2][-]{subsection.5.7.9}{spread: Assigning Strategies to Subgoals}{section.5.7}
\BOOKMARK [2][-]{subsection.5.7.10}{spread!: Assigning Strategies to Subgoals}{section.5.7}
\BOOKMARK [2][-]{subsection.5.7.11}{spread@: Assigning Strategies to Subgoals}{section.5.7}
\BOOKMARK [2][-]{subsection.5.7.12}{then: A Sequencing Strategy}{section.5.7}
\BOOKMARK [2][-]{subsection.5.7.13}{then*: Apply Steps in Sequence}{section.5.7}
\BOOKMARK [2][-]{subsection.5.7.14}{then@: Apply Steps in Sequence Along Main Branch}{section.5.7}
\BOOKMARK [2][-]{subsection.5.7.15}{time: Time a Given Strategy}{section.5.7}
\BOOKMARK [2][-]{subsection.5.7.16}{try-branch: Branch or Backtrack}{section.5.7}
\BOOKMARK [0][-]{chapter*.6}{Bibliography}{}
\BOOKMARK [0][-]{chapter*.6}{Index}{}
